[INFO] 00:10:26:746 cpu.log/(3495:3495): Configuracion de CPU cargada
[INFO] 00:10:26:746 cpu.log/(3495:3495): Archivo de configuracion cargado 

[INFO] 00:10:26:746 cpu.log/(3495:3495): Conexion con memoria realizada 

[INFO] 00:10:26:747 cpu.log/(3495:3495): Handshake enviado a memoria 

[INFO] 00:10:27:756 cpu.log/(3495:3495): Tamanio de pagina 16 para realizar handshake :)
[INFO] 00:10:27:756 cpu.log/(3495:3495): Servidores iniciados en CPU 

[INFO] 00:11:16:027 cpu.log/(3495:3495): Se conectaron los clientes de dispatch e interrupt

[INFO] 00:11:16:027 cpu.log/(3495:3495): Espero recibir paquete
[INFO] 00:11:16:126 cpu.log/(3495:3495): Ya recibi paquete
[INFO] 00:11:19:127 cpu.log/(3495:3495): Espero recibir paquete
[INFO] 00:11:19:128 cpu.log/(3495:3495): Ya recibi paquete
[INFO] 00:13:10:070 cpu.log/(3576:3576): Configuracion de CPU cargada
[INFO] 00:13:10:070 cpu.log/(3576:3576): Archivo de configuracion cargado 

[INFO] 00:13:10:070 cpu.log/(3576:3576): Conexion con memoria realizada 

[INFO] 00:13:10:070 cpu.log/(3576:3576): Handshake enviado a memoria 

[INFO] 00:13:11:071 cpu.log/(3576:3576): Tamanio de pagina 16 para realizar handshake :)
[INFO] 00:13:11:072 cpu.log/(3576:3576): Servidores iniciados en CPU 

[INFO] 00:13:14:190 cpu.log/(3576:3576): Se conectaron los clientes de dispatch e interrupt

[INFO] 00:13:14:190 cpu.log/(3576:3576): Espero recibir paquete
[INFO] 00:13:14:278 cpu.log/(3576:3576): Ya recibi paquete
[INFO] 00:13:17:403 cpu.log/(3576:3576): Espero recibir paquete
[INFO] 00:13:17:405 cpu.log/(3576:3576): Ya recibi paquete
[INFO] 01:12:39:253 cpu.log/(4408:4408): Configuracion de CPU cargada
[INFO] 01:12:39:253 cpu.log/(4408:4408): Archivo de configuracion cargado 

[INFO] 01:12:39:254 cpu.log/(4408:4408): Conexion con memoria realizada 

[INFO] 01:12:39:254 cpu.log/(4408:4408): Handshake enviado a memoria 

[INFO] 01:12:40:255 cpu.log/(4408:4408): Tamanio de pagina 16 para realizar handshake :)
[INFO] 01:12:40:256 cpu.log/(4408:4408): Servidores iniciados en CPU 

[INFO] 01:12:42:760 cpu.log/(4408:4408): Se conectaron los clientes de dispatch e interrupt

[INFO] 01:12:42:760 cpu.log/(4408:4408): Espero recibir paquete
[INFO] 01:12:42:869 cpu.log/(4408:4408): Ya recibi paquete
[INFO] 01:12:45:984 cpu.log/(4408:4408): Espero recibir paquete
[INFO] 01:12:45:984 cpu.log/(4408:4408): Ya recibi paquete
