[INFO] 20:14:35:031 kernel.log/(47698:47698): Archivo de configuracion cargado 

[INFO] 20:14:35:032 kernel.log/(47698:47698): Iniciando colas.. 

[INFO] 20:14:35:032 kernel.log/(47698:47698): Iniciando diccionarios.. 

[INFO] 20:14:35:032 kernel.log/(47698:47698): Preparando planificacion.. 

[INFO] 20:14:35:033 kernel.log/(47698:47698): Kernel conectado con cpu 

[INFO] 20:14:35:033 kernel.log/(47698:47698): Kernel conectado con memoria 

[INFO] 20:14:35:033 kernel.log/(47698:47698): Kernel conectado con filesystem 

[INFO] 20:14:35:033 kernel.log/(47698:47698): Servidor creado 

[INFO] 20:14:35:034 kernel.log/(47698:47698): Kernel listo para recibir al modulo cliente 

[INFO] 20:14:35:034 kernel.log/(47698:47698): Iniciando proceso.. 

[INFO] 20:14:35:034 kernel.log/(47698:47698): PID: 1 - Estado Anterior: New - Estado Actual New

[INFO] 20:14:35:034 kernel.log/(47698:47698):  Cola NEW FIFO : [1]

[INFO] 20:14:35:034 kernel.log/(47698:47698): Se crea el proceso 1 en NEW 

[INFO] 20:14:35:035 kernel.log/(47698:47698): Se manda mensaje a memoria para inicializar estructuras del proceso 

[INFO] 20:14:35:035 kernel.log/(47698:47698): Mandando a memoria el PATH: /home/utnso/path.txt
[INFO] 20:14:35:035 kernel.log/(47698:47700): PID[1] sale de NEW para planificacion 

[INFO] 20:14:35:035 kernel.log/(47698:47700): PID: 1 - Estado Anterior: New - Estado Actual Ready

[INFO] 20:14:35:035 kernel.log/(47698:47701): estoy en proceso ready

[INFO] 20:14:35:035 kernel.log/(47698:47700):  Cola READY FIFO : [1]

[INFO] 20:14:35:035 kernel.log/(47698:47701): estoy por meterme a obtener algoritmo

[INFO] 20:14:35:036 kernel.log/(47698:47701): El algoritmo de planificacion elegido es FIFO 

[INFO] 20:14:35:036 kernel.log/(47698:47701): Inicio la planificacion FIFO 

[INFO] 20:14:35:036 kernel.log/(47698:47701):  Cola READY FIFO : [1]

[INFO] 20:14:35:036 kernel.log/(47698:47701): PID[1] sale de READY por planificacion FIFO 

[INFO] 20:14:35:036 kernel.log/(47698:47701): PID: 1 - Estado Anterior: Ready - Estado Actual Exec

[INFO] 20:14:35:036 kernel.log/(47698:47701): PID[1] ingresando a EXEC

[INFO] 20:14:35:036 kernel.log/(47698:47701): Se envio el PCB 1 a la CPU 

[INFO] 20:14:35:036 kernel.log/(47698:47701): PCB enviado cpu para ejecucion
[INFO] 20:14:35:037 kernel.log/(47698:47701): Recibi el pcb de la CPU con program counter = 1 

[INFO] 20:14:35:037 kernel.log/(47698:47701): estoy en proceso ready

[INFO] 20:14:35:037 kernel.log/(47698:47701): estoy por meterme a obtener algoritmo

[INFO] 20:14:35:037 kernel.log/(47698:47701): El algoritmo de planificacion elegido es FIFO 

[INFO] 20:14:35:037 kernel.log/(47698:47701): Inicio la planificacion FIFO 

[INFO] 20:14:35:037 kernel.log/(47698:47701): esta vacia la cola READY
[INFO] 20:14:35:037 kernel.log/(47698:47701):  Cola READY FIFO : []

[INFO] 22:07:17:264 kernel.log/(13568:13568): Archivo de configuracion cargado 

[INFO] 22:07:17:267 kernel.log/(13568:13568): Iniciando colas.. 

[INFO] 22:07:17:271 kernel.log/(13568:13568): Iniciando diccionarios.. 

[INFO] 22:07:17:275 kernel.log/(13568:13568): Preparando planificacion.. 

[INFO] 22:07:17:277 kernel.log/(13568:13568): Kernel conectado con cpu 

[INFO] 22:07:17:278 kernel.log/(13568:13568): Kernel conectado con memoria 

[INFO] 22:07:17:279 kernel.log/(13568:13568): Kernel conectado con filesystem 

[INFO] 22:07:17:279 kernel.log/(13568:13568): Servidor creado 

[INFO] 22:07:17:282 kernel.log/(13568:13568): Kernel listo para recibir al modulo cliente 

[INFO] 22:09:33:588 kernel.log/(13767:13767): Archivo de configuracion cargado 

[INFO] 22:09:33:589 kernel.log/(13767:13767): Iniciando colas.. 

[INFO] 22:09:33:589 kernel.log/(13767:13767): Iniciando diccionarios.. 

[INFO] 22:09:33:590 kernel.log/(13767:13767): Preparando planificacion.. 

[INFO] 22:09:33:590 kernel.log/(13767:13767): Kernel conectado con cpu 

[INFO] 22:09:33:590 kernel.log/(13767:13767): Kernel conectado con memoria 

[INFO] 22:09:33:590 kernel.log/(13767:13767): Kernel conectado con filesystem 

[INFO] 22:09:33:591 kernel.log/(13767:13767): Servidor creado 

[INFO] 22:09:33:591 kernel.log/(13767:13767): Kernel listo para recibir al modulo cliente 

[INFO] 22:11:18:427 kernel.log/(13838:13838): Archivo de configuracion cargado 

[INFO] 22:11:18:427 kernel.log/(13838:13838): Iniciando colas.. 

[INFO] 22:11:18:427 kernel.log/(13838:13838): Iniciando diccionarios.. 

[INFO] 22:11:18:427 kernel.log/(13838:13838): Preparando planificacion.. 

[INFO] 22:11:18:428 kernel.log/(13838:13838): Kernel conectado con cpu 

[INFO] 22:11:18:428 kernel.log/(13838:13838): Kernel conectado con memoria 

[INFO] 22:11:18:429 kernel.log/(13838:13838): Kernel conectado con filesystem 

[INFO] 22:11:18:430 kernel.log/(13838:13838): Servidor creado 

[INFO] 22:11:18:430 kernel.log/(13838:13838): Kernel listo para recibir al modulo cliente 

[INFO] 22:11:32:850 kernel.log/(13849:13849): Archivo de configuracion cargado 

[INFO] 22:11:32:850 kernel.log/(13849:13849): Iniciando colas.. 

[INFO] 22:11:32:851 kernel.log/(13849:13849): Iniciando diccionarios.. 

[INFO] 22:11:32:851 kernel.log/(13849:13849): Preparando planificacion.. 

[INFO] 22:11:32:851 kernel.log/(13849:13849): Kernel conectado con cpu 

[INFO] 22:11:32:851 kernel.log/(13849:13849): Kernel conectado con memoria 

[INFO] 22:11:32:852 kernel.log/(13849:13849): Kernel conectado con filesystem 

[INFO] 22:11:32:852 kernel.log/(13849:13849): Servidor creado 

[INFO] 22:11:32:852 kernel.log/(13849:13849): Kernel listo para recibir al modulo cliente 

[INFO] 01:00:33:596 kernel.log/(2754:2754): Archivo de configuracion cargado 

[INFO] 01:00:33:681 kernel.log/(2754:2754): Iniciando colas.. 

[INFO] 01:00:33:687 kernel.log/(2754:2754): Iniciando diccionarios.. 

[INFO] 01:00:33:688 kernel.log/(2754:2754): Preparando planificacion.. 

[INFO] 01:00:33:703 kernel.log/(2754:2754): Kernel conectado con cpu 

[INFO] 01:00:33:710 kernel.log/(2754:2754): Kernel conectado con memoria 

[INFO] 01:00:33:763 kernel.log/(2754:2754): Kernel conectado con filesystem 

[INFO] 01:00:33:829 kernel.log/(2754:2754): Servidor creado 

[INFO] 01:00:33:829 kernel.log/(2754:2754): Kernel listo para recibir al modulo cliente 

[INFO] 01:01:21:445 kernel.log/(2754:2754): Iniciando proceso.. 

[INFO] 01:01:21:451 kernel.log/(2754:2754): PID: 1 - Estado Anterior: New - Estado Actual New

[INFO] 01:01:21:453 kernel.log/(2754:2754):  Cola NEW FIFO : [1]

[INFO] 01:01:21:454 kernel.log/(2754:2754): Se crea el proceso 1 en NEW 

[INFO] 01:01:21:460 kernel.log/(2754:2754): Se manda mensaje a memoria para inicializar estructuras del proceso 

[INFO] 01:01:21:467 kernel.log/(2754:2754): Mandando a memoria el PATH: /home/utnso/path.txt
[INFO] 01:01:21:638 kernel.log/(2754:2756): PID[1] sale de NEW para planificacion 

[INFO] 01:01:21:640 kernel.log/(2754:2756): PID: 1 - Estado Anterior: New - Estado Actual Ready

[INFO] 01:01:21:641 kernel.log/(2754:2756):  Cola READY FIFO : [1]

[INFO] 01:01:21:644 kernel.log/(2754:2757): estoy en proceso ready

[INFO] 01:01:21:644 kernel.log/(2754:2757): estoy por meterme a obtener algoritmo

[INFO] 01:01:21:644 kernel.log/(2754:2757): El algoritmo de planificacion elegido es FIFO 

[INFO] 01:01:21:645 kernel.log/(2754:2757): Inicio la planificacion FIFO 

[INFO] 01:01:21:646 kernel.log/(2754:2757):  Cola READY FIFO : [1]

[INFO] 01:01:21:646 kernel.log/(2754:2757): PID[1] sale de READY por planificacion FIFO 

[INFO] 01:01:21:648 kernel.log/(2754:2757): PID: 1 - Estado Anterior: Ready - Estado Actual Exec

[INFO] 01:01:21:648 kernel.log/(2754:2757): PID[1] ingresando a EXEC

[INFO] 01:01:21:659 kernel.log/(2754:2757): Se envio el PCB 1 a la CPU 

[INFO] 01:01:21:661 kernel.log/(2754:2757): PCB enviado cpu para ejecucion
[INFO] 01:01:21:693 kernel.log/(2754:2757): Recibi el pcb de la CPU con program counter = 1 

[INFO] 01:01:21:697 kernel.log/(2754:2757): estoy en proceso ready

[INFO] 01:01:21:700 kernel.log/(2754:2757): estoy por meterme a obtener algoritmo

[INFO] 01:01:21:701 kernel.log/(2754:2757): El algoritmo de planificacion elegido es FIFO 

[INFO] 01:01:21:701 kernel.log/(2754:2757): Inicio la planificacion FIFO 

[INFO] 01:01:21:702 kernel.log/(2754:2757): esta vacia la cola READY
[INFO] 01:01:21:702 kernel.log/(2754:2757):  Cola READY FIFO : []

