[INFO] 21:17:52:346 filesystem.log/(10021:10021): Archivo de configuracion cargada 

[INFO] 21:17:52:355 filesystem.log/(10021:10021): Filesystem listo para recibir al modulo cliente 

[INFO] 21:18:01:810 filesystem.log/(10021:10021): Se conecto un cliente 

[INFO] 21:18:22:704 filesystem.log/(10021:10079): codigo op: -1
[ERROR] 21:18:22:704 filesystem.log/(10021:10079): Fallo la comunicacion. Abortando 

[WARNING] 21:18:22:704 filesystem.log/(10021:10079): Operacion desconocida 

[INFO] 21:21:16:342 filesystem.log/(10211:10211): Archivo de configuracion cargada 

[INFO] 21:21:16:353 filesystem.log/(10211:10211): Filesystem listo para recibir al modulo cliente 

[INFO] 21:21:22:783 filesystem.log/(10211:10211): Se conecto un cliente 

[INFO] 21:21:46:448 filesystem.log/(10211:10221): codigo op: -1
[ERROR] 21:21:46:455 filesystem.log/(10211:10221): Fallo la comunicacion. Abortando 

[WARNING] 21:21:46:455 filesystem.log/(10211:10221): Operacion desconocida 

[INFO] 14:18:48:233 filesystem.log/(2498:2498): Archivo de configuracion cargada 

[INFO] 14:18:48:236 filesystem.log/(2498:2498): Filesystem listo para recibir al modulo cliente 

[INFO] 14:18:52:126 filesystem.log/(2498:2498): Se conecto un cliente 

[INFO] 14:18:56:750 filesystem.log/(2498:2504): codigo op: -1
[ERROR] 14:18:56:750 filesystem.log/(2498:2504): Fallo la comunicacion. Abortando 

[WARNING] 14:18:56:750 filesystem.log/(2498:2504): Operacion desconocida 

[INFO] 14:19:44:537 filesystem.log/(2612:2612): Archivo de configuracion cargada 

[INFO] 14:19:44:538 filesystem.log/(2612:2612): Filesystem listo para recibir al modulo cliente 

[INFO] 14:19:53:750 filesystem.log/(2612:2612): Se conecto un cliente 

[INFO] 14:20:44:097 filesystem.log/(2612:2622): codigo op: -1
[ERROR] 14:20:44:097 filesystem.log/(2612:2622): Fallo la comunicacion. Abortando 

[WARNING] 14:20:44:097 filesystem.log/(2612:2622): Operacion desconocida 

[INFO] 14:30:34:110 filesystem.log/(2798:2798): Archivo de configuracion cargada 

[INFO] 14:30:34:112 filesystem.log/(2798:2798): Filesystem listo para recibir al modulo cliente 

[INFO] 14:30:42:441 filesystem.log/(2798:2798): Se conecto un cliente 

[INFO] 14:31:53:234 filesystem.log/(2798:2810): codigo op: -1
[ERROR] 14:31:53:234 filesystem.log/(2798:2810): Fallo la comunicacion. Abortando 

[WARNING] 14:31:53:234 filesystem.log/(2798:2810): Operacion desconocida 

[INFO] 15:00:18:984 filesystem.log/(3448:3448): Archivo de configuracion cargada 

[INFO] 15:00:18:989 filesystem.log/(3448:3448): Filesystem listo para recibir al modulo cliente 

[INFO] 15:01:11:963 filesystem.log/(3563:3563): Archivo de configuracion cargada 

[INFO] 15:01:11:965 filesystem.log/(3563:3563): Filesystem listo para recibir al modulo cliente 

[INFO] 15:01:25:064 filesystem.log/(3563:3563): Se conecto un cliente 

[INFO] 15:02:13:659 filesystem.log/(3563:3573): codigo op: -1
[ERROR] 15:02:13:659 filesystem.log/(3563:3573): Fallo la comunicacion. Abortando 

[WARNING] 15:02:13:659 filesystem.log/(3563:3573): Operacion desconocida 

[INFO] 15:04:21:542 filesystem.log/(3728:3728): Archivo de configuracion cargada 

[INFO] 15:04:21:542 filesystem.log/(3728:3728): Filesystem listo para recibir al modulo cliente 

[INFO] 15:23:51:747 filesystem.log/(4432:4432): Archivo de configuracion cargada 

[INFO] 15:23:51:750 filesystem.log/(4432:4432): Filesystem listo para recibir al modulo cliente 

[INFO] 15:24:01:119 filesystem.log/(4432:4432): Se conecto un cliente 

[INFO] 15:25:37:048 filesystem.log/(4432:4442): codigo op: -1
[ERROR] 15:25:37:048 filesystem.log/(4432:4442): Fallo la comunicacion. Abortando 

[WARNING] 15:25:37:048 filesystem.log/(4432:4442): Operacion desconocida 

